<?xml version="1.0" encoding="UTF-8"?>
<!-- Generated by org.testng.reporters.JUnitXMLReporter -->
<testsuite ignored="1" hostname="DESKTOP-KL4T4AH" failures="0" tests="3" name="Test1" time="0.292" errors="0" timestamp="2021-02-12T15:03:41 IST">
  <testcase classname="com.selenium.test.GroupingTestNg_Demo" name="test2" time="0.06"/>
  <testcase classname="com.selenium.test.GroupingTestNg_Demo" name="test3" time="0.01"/>
  <testcase classname="com.selenium.test.GroupingTestNg_Demo" name="test4" time="0.006"/>
  <testcase classname="com.selenium.test.GroupingTestNg_Demo" name="test1" time="0.0">
    <ignored/>
  </testcase> <!-- test1 -->
</testsuite> <!-- Test1 -->
