<?xml version="1.0" encoding="UTF-8"?>
<testng-results ignored="0" total="1" passed="1" failed="0" skipped="0">
  <reporter-output>
  </reporter-output>
  <suite started-at="2021-02-12T16:35:40 IST" name="Default suite" finished-at="2021-02-12T16:35:59 IST" duration-ms="19317">
    <groups>
    </groups>
    <test started-at="2021-02-12T16:35:40 IST" name="Default test" finished-at="2021-02-12T16:35:59 IST" duration-ms="19317">
      <class name="com.selenium.test.Test1">
        <test-method is-config="true" signature="setUp()[pri:0, instance:com.selenium.test.Test1@188715b5]" started-at="2021-02-12T16:35:40 IST" name="setUp" finished-at="2021-02-12T16:35:51 IST" duration-ms="10798" status="PASS">
          <reporter-output>
          </reporter-output>
        </test-method> <!-- setUp -->
        <test-method signature="test1()[pri:0, instance:com.selenium.test.Test1@188715b5]" started-at="2021-02-12T16:35:51 IST" name="test1" finished-at="2021-02-12T16:35:58 IST" duration-ms="6848" status="PASS">
          <reporter-output>
          </reporter-output>
        </test-method> <!-- test1 -->
        <test-method is-config="true" signature="tearDown()[pri:0, instance:com.selenium.test.Test1@188715b5]" started-at="2021-02-12T16:35:58 IST" name="tearDown" finished-at="2021-02-12T16:35:59 IST" duration-ms="1373" status="PASS">
          <reporter-output>
          </reporter-output>
        </test-method> <!-- tearDown -->
      </class> <!-- com.selenium.test.Test1 -->
    </test> <!-- Default test -->
  </suite> <!-- Default suite -->
</testng-results>
